Release 13.4 - xst O.87xd (lin64)
Copyright (c) 1995-2011 Xilinx, Inc.  All rights reserved.
--> 
Parameter TMPDIR set to xst/projnav.tmp


Total REAL time to Xst completion: 0.00 secs
Total CPU time to Xst completion: 0.06 secs
 
--> 
Parameter xsthdpdir set to xst


Total REAL time to Xst completion: 0.00 secs
Total CPU time to Xst completion: 0.06 secs
 
--> 
Reading design: Game.prj

TABLE OF CONTENTS
  1) Synthesis Options Summary
  2) HDL Compilation
  3) Design Hierarchy Analysis
  4) HDL Analysis
  5) HDL Synthesis
     5.1) HDL Synthesis Report
  6) Advanced HDL Synthesis
     6.1) Advanced HDL Synthesis Report
  7) Low Level Synthesis
  8) Partition Report
  9) Final Report
	9.1) Device utilization summary
	9.2) Partition Resource Summary
	9.3) TIMING REPORT


=========================================================================
*                      Synthesis Options Summary                        *
=========================================================================
---- Source Parameters
Input File Name                    : "Game.prj"
Input Format                       : mixed
Ignore Synthesis Constraint File   : NO

---- Target Parameters
Output File Name                   : "Game"
Output Format                      : NGC
Target Device                      : xc3s500e-5-fg320

---- Source Options
Top Module Name                    : Game
Automatic FSM Extraction           : YES
FSM Encoding Algorithm             : Auto
Safe Implementation                : No
FSM Style                          : LUT
RAM Extraction                     : Yes
RAM Style                          : Auto
ROM Extraction                     : Yes
Mux Style                          : Auto
Decoder Extraction                 : YES
Priority Encoder Extraction        : Yes
Shift Register Extraction          : YES
Logical Shifter Extraction         : YES
XOR Collapsing                     : YES
ROM Style                          : Auto
Mux Extraction                     : Yes
Resource Sharing                   : YES
Asynchronous To Synchronous        : NO
Multiplier Style                   : Auto
Automatic Register Balancing       : No

---- Target Options
Add IO Buffers                     : YES
Global Maximum Fanout              : 500
Add Generic Clock Buffer(BUFG)     : 24
Register Duplication               : YES
Slice Packing                      : YES
Optimize Instantiated Primitives   : NO
Use Clock Enable                   : Yes
Use Synchronous Set                : Yes
Use Synchronous Reset              : Yes
Pack IO Registers into IOBs        : Auto
Equivalent register Removal        : YES

---- General Options
Optimization Goal                  : Speed
Optimization Effort                : 1
Keep Hierarchy                     : No
Netlist Hierarchy                  : As_Optimized
RTL Output                         : Yes
Global Optimization                : AllClockNets
Read Cores                         : YES
Write Timing Constraints           : NO
Cross Clock Analysis               : NO
Hierarchy Separator                : /
Bus Delimiter                      : <>
Case Specifier                     : Maintain
Slice Utilization Ratio            : 100
BRAM Utilization Ratio             : 100
Verilog 2001                       : YES
Auto BRAM Packing                  : NO
Slice Utilization Ratio Delta      : 5

=========================================================================


=========================================================================
*                          HDL Compilation                              *
=========================================================================
Compiling vhdl file "/home/student2/aacharya/Desktop/COE758/Project2/Game.vhd" in Library work.
Entity <game> compiled.
WARNING:HDLParsers:1406 - "/home/student2/aacharya/Desktop/COE758/Project2/Game.vhd" Line 188. No sensitivity list and no wait in the process
Entity <game> (Architecture <behavioral>) compiled.

=========================================================================
*                     Design Hierarchy Analysis                         *
=========================================================================
Analyzing hierarchy for entity <Game> in library <work> (architecture <behavioral>).


=========================================================================
*                            HDL Analysis                               *
=========================================================================
Analyzing Entity <Game> in library <work> (Architecture <behavioral>).
WARNING:Xst:819 - "/home/student2/aacharya/Desktop/COE758/Project2/Game.vhd" line 188: One or more signals are missing in the process sensitivity list. To enable synthesis of FPGA/CPLD hardware, XST will assume that all necessary signals are present in the sensitivity list. Please note that the result of the synthesis may differ from the initial design specification. The missing signals are:
   <hcounter>, <vcounter>, <R>, <G>, <B>
WARNING:Xst:819 - "/home/student2/aacharya/Desktop/COE758/Project2/Game.vhd" line 385: One or more signals are missing in the process sensitivity list. To enable synthesis of FPGA/CPLD hardware, XST will assume that all necessary signals are present in the sensitivity list. Please note that the result of the synthesis may differ from the initial design specification. The missing signals are:
   <ball_x1>, <ball_x2>, <ball_y1>, <ball_y2>, <score>, <top_border_x1>, <top_border_x2>, <top_border_y1>, <top_border_y2>, <top_border_x3>, <top_border_x4>, <top_border_y3>, <top_border_y4>, <top_border_x5>, <top_border_x6>, <top_border_y5>, <top_border_y6>, <b_border_x1>, <b_border_x2>, <b_border_y1>, <b_border_y2>, <b_border_x3>, <b_border_x4>, <b_border_y3>, <b_border_y4>, <b_border_x5>, <b_border_x6>, <b_border_y5>, <b_border_y6>, <cc_border_x1>, <cc_border_x2>, <cc_border_y1>, <cc_border_y2>, <m_line_x1>, <m_line_x2>, <m_line_y1>, <m_line_y2>, <c_border_x1>, <c_border_x2>, <c_border_y1>, <c_border_y2>, <r_paddle_x1>, <r_paddle_x2>, <r_paddle_y1>, <r_paddle_y2>, <b_paddle_x1>, <b_paddle_x2>, <b_paddle_y1>, <b_paddle_y2>
Entity <Game> analyzed. Unit <Game> generated.


=========================================================================
*                           HDL Synthesis                               *
=========================================================================

Performing bidirectional port resolution...

Synthesizing Unit <Game>.
    Related source file is "/home/student2/aacharya/Desktop/COE758/Project2/Game.vhd".
WARNING:Xst:647 - Input <SW1> is never used. This port will be preserved and left unconnected if it belongs to a top-level block or it belongs to a sub-block and the hierarchy of this sub-block is preserved.
WARNING:Xst:647 - Input <SW3> is never used. This port will be preserved and left unconnected if it belongs to a top-level block or it belongs to a sub-block and the hierarchy of this sub-block is preserved.
WARNING:Xst:653 - Signal <top_border_y6> is used but never assigned. This sourceless signal will be automatically connected to value 00000000000000000000000010100000.
WARNING:Xst:653 - Signal <top_border_y5> is used but never assigned. This sourceless signal will be automatically connected to value 00000000000000000000000000001010.
WARNING:Xst:653 - Signal <top_border_y4> is used but never assigned. This sourceless signal will be automatically connected to value 00000000000000000000000000010100.
WARNING:Xst:653 - Signal <top_border_y3> is used but never assigned. This sourceless signal will be automatically connected to value 00000000000000000000000000001010.
WARNING:Xst:653 - Signal <top_border_y2> is used but never assigned. This sourceless signal will be automatically connected to value 00000000000000000000000010100000.
WARNING:Xst:653 - Signal <top_border_y1> is used but never assigned. This sourceless signal will be automatically connected to value 00000000000000000000000000001010.
WARNING:Xst:653 - Signal <top_border_x6> is used but never assigned. This sourceless signal will be automatically connected to value 00000000000000000000001001110110.
WARNING:Xst:653 - Signal <top_border_x5> is used but never assigned. This sourceless signal will be automatically connected to value 00000000000000000000001001101100.
WARNING:Xst:653 - Signal <top_border_x4> is used but never assigned. This sourceless signal will be automatically connected to value 00000000000000000000001001110110.
WARNING:Xst:653 - Signal <top_border_x3> is used but never assigned. This sourceless signal will be automatically connected to value 00000000000000000000000000001010.
WARNING:Xst:653 - Signal <top_border_x2> is used but never assigned. This sourceless signal will be automatically connected to value 00000000000000000000000000010100.
WARNING:Xst:653 - Signal <top_border_x1> is used but never assigned. This sourceless signal will be automatically connected to value 00000000000000000000000000001010.
WARNING:Xst:1780 - Signal <reset> is never used or assigned. This unconnected signal will be trimmed during the optimization process.
WARNING:Xst:1780 - Signal <r_paddle_y_inc> is never used or assigned. This unconnected signal will be trimmed during the optimization process.
WARNING:Xst:1780 - Signal <r_paddle_x_inc> is never used or assigned. This unconnected signal will be trimmed during the optimization process.
WARNING:Xst:653 - Signal <r_paddle_x2> is used but never assigned. This sourceless signal will be automatically connected to value 00000000000000000000001001100111.
WARNING:Xst:653 - Signal <r_paddle_x1> is used but never assigned. This sourceless signal will be automatically connected to value 00000000000000000000001001011000.
WARNING:Xst:653 - Signal <r_goal_x> is used but never assigned. This sourceless signal will be automatically connected to value 00000000000000000000001001110001.
WARNING:Xst:653 - Signal <m_line_y2> is used but never assigned. This sourceless signal will be automatically connected to value 00000000000000000000000111000010.
WARNING:Xst:653 - Signal <m_line_y1> is used but never assigned. This sourceless signal will be automatically connected to value 00000000000000000000000000011110.
WARNING:Xst:653 - Signal <m_line_x2> is used but never assigned. This sourceless signal will be automatically connected to value 00000000000000000000000101000010.
WARNING:Xst:653 - Signal <m_line_x1> is used but never assigned. This sourceless signal will be automatically connected to value 00000000000000000000000100111110.
WARNING:Xst:653 - Signal <cc_border_y2> is used but never assigned. This sourceless signal will be automatically connected to value 00000000000000000000000011111111.
WARNING:Xst:653 - Signal <cc_border_y1> is used but never assigned. This sourceless signal will be automatically connected to value 00000000000000000000000011100001.
WARNING:Xst:653 - Signal <cc_border_x2> is used but never assigned. This sourceless signal will be automatically connected to value 00000000000000000000000101001111.
WARNING:Xst:653 - Signal <cc_border_x1> is used but never assigned. This sourceless signal will be automatically connected to value 00000000000000000000000100110001.
WARNING:Xst:653 - Signal <c_border_y2> is used but never assigned. This sourceless signal will be automatically connected to value 00000000000000000000000100000100.
WARNING:Xst:653 - Signal <c_border_y1> is used but never assigned. This sourceless signal will be automatically connected to value 00000000000000000000000011011100.
WARNING:Xst:653 - Signal <c_border_x2> is used but never assigned. This sourceless signal will be automatically connected to value 00000000000000000000000101010100.
WARNING:Xst:653 - Signal <c_border_x1> is used but never assigned. This sourceless signal will be automatically connected to value 00000000000000000000000100101100.
WARNING:Xst:1780 - Signal <b_paddle_y_inc> is never used or assigned. This unconnected signal will be trimmed during the optimization process.
WARNING:Xst:1780 - Signal <b_paddle_x_inc> is never used or assigned. This unconnected signal will be trimmed during the optimization process.
WARNING:Xst:653 - Signal <b_paddle_x2> is used but never assigned. This sourceless signal will be automatically connected to value 00000000000000000000000000101000.
WARNING:Xst:653 - Signal <b_paddle_x1> is used but never assigned. This sourceless signal will be automatically connected to value 00000000000000000000000000011001.
WARNING:Xst:653 - Signal <b_goal_x> is used but never assigned. This sourceless signal will be automatically connected to value 00000000000000000000000000001111.
WARNING:Xst:653 - Signal <b_border_y6> is used but never assigned. This sourceless signal will be automatically connected to value 00000000000000000000000111010110.
WARNING:Xst:653 - Signal <b_border_y5> is used but never assigned. This sourceless signal will be automatically connected to value 00000000000000000000000100101100.
WARNING:Xst:653 - Signal <b_border_y4> is used but never assigned. This sourceless signal will be automatically connected to value 00000000000000000000000111010110.
WARNING:Xst:653 - Signal <b_border_y3> is used but never assigned. This sourceless signal will be automatically connected to value 00000000000000000000000111001100.
WARNING:Xst:653 - Signal <b_border_y2> is used but never assigned. This sourceless signal will be automatically connected to value 00000000000000000000000111010110.
WARNING:Xst:653 - Signal <b_border_y1> is used but never assigned. This sourceless signal will be automatically connected to value 00000000000000000000000100101100.
WARNING:Xst:653 - Signal <b_border_x6> is used but never assigned. This sourceless signal will be automatically connected to value 00000000000000000000001001110110.
WARNING:Xst:653 - Signal <b_border_x5> is used but never assigned. This sourceless signal will be automatically connected to value 00000000000000000000001001101100.
WARNING:Xst:653 - Signal <b_border_x4> is used but never assigned. This sourceless signal will be automatically connected to value 00000000000000000000001001110110.
WARNING:Xst:653 - Signal <b_border_x3> is used but never assigned. This sourceless signal will be automatically connected to value 00000000000000000000000000001010.
WARNING:Xst:653 - Signal <b_border_x2> is used but never assigned. This sourceless signal will be automatically connected to value 00000000000000000000000000010100.
WARNING:Xst:653 - Signal <b_border_x1> is used but never assigned. This sourceless signal will be automatically connected to value 00000000000000000000000000001010.
    Found 10-bit subtractor for signal <$sub0000> created at line 389.
    Found 9-bit subtractor for signal <$sub0001> created at line 390.
    Found 32-bit comparator greater for signal <B$cmp_gt0000> created at line 396.
    Found 32-bit comparator greater for signal <B$cmp_gt0001> created at line 396.
    Found 32-bit comparator greater for signal <B$cmp_gt0002> created at line 406.
    Found 32-bit comparator greater for signal <B$cmp_gt0003> created at line 406.
    Found 32-bit comparator greater for signal <B$cmp_gt0004> created at line 416.
    Found 32-bit comparator greater for signal <B$cmp_gt0005> created at line 416.
    Found 32-bit comparator greater for signal <B$cmp_gt0006> created at line 422.
    Found 32-bit comparator greater for signal <B$cmp_gt0007> created at line 422.
    Found 32-bit comparator greater for signal <B$cmp_gt0008> created at line 428.
    Found 32-bit comparator greater for signal <B$cmp_gt0009> created at line 428.
    Found 32-bit comparator greater for signal <B$cmp_gt0010> created at line 435.
    Found 32-bit comparator greater for signal <B$cmp_gt0011> created at line 435.
    Found 32-bit comparator greater for signal <B$cmp_gt0012> created at line 439.
    Found 32-bit comparator greater for signal <B$cmp_gt0013> created at line 439.
    Found 32-bit comparator greater for signal <B$cmp_gt0014> created at line 443.
    Found 32-bit comparator greater for signal <B$cmp_gt0015> created at line 443.
    Found 32-bit comparator greater for signal <B$cmp_gt0016> created at line 450.
    Found 32-bit comparator greater for signal <B$cmp_gt0017> created at line 450.
    Found 32-bit comparator greater for signal <B$cmp_gt0018> created at line 454.
    Found 32-bit comparator greater for signal <B$cmp_gt0019> created at line 454.
    Found 32-bit comparator greater for signal <B$cmp_gt0020> created at line 458.
    Found 32-bit comparator greater for signal <B$cmp_gt0021> created at line 458.
    Found 32-bit comparator greater for signal <B$cmp_gt0022> created at line 464.
    Found 32-bit comparator greater for signal <B$cmp_gt0023> created at line 464.
    Found 32-bit comparator less for signal <B$cmp_lt0000> created at line 396.
    Found 32-bit comparator less for signal <B$cmp_lt0001> created at line 396.
    Found 32-bit comparator less for signal <B$cmp_lt0002> created at line 406.
    Found 32-bit comparator less for signal <B$cmp_lt0003> created at line 406.
    Found 32-bit comparator less for signal <B$cmp_lt0004> created at line 416.
    Found 32-bit comparator less for signal <B$cmp_lt0005> created at line 416.
    Found 32-bit comparator less for signal <B$cmp_lt0006> created at line 422.
    Found 32-bit comparator less for signal <B$cmp_lt0007> created at line 422.
    Found 32-bit comparator less for signal <B$cmp_lt0008> created at line 428.
    Found 32-bit comparator less for signal <B$cmp_lt0009> created at line 428.
    Found 32-bit comparator less for signal <B$cmp_lt0010> created at line 435.
    Found 32-bit comparator less for signal <B$cmp_lt0011> created at line 435.
    Found 32-bit comparator less for signal <B$cmp_lt0012> created at line 439.
    Found 32-bit comparator less for signal <B$cmp_lt0013> created at line 439.
    Found 32-bit comparator less for signal <B$cmp_lt0014> created at line 443.
    Found 32-bit comparator less for signal <B$cmp_lt0015> created at line 443.
    Found 32-bit comparator less for signal <B$cmp_lt0016> created at line 450.
    Found 32-bit comparator less for signal <B$cmp_lt0017> created at line 450.
    Found 32-bit comparator less for signal <B$cmp_lt0018> created at line 454.
    Found 32-bit comparator less for signal <B$cmp_lt0019> created at line 454.
    Found 32-bit comparator less for signal <B$cmp_lt0020> created at line 458.
    Found 32-bit comparator less for signal <B$cmp_lt0021> created at line 458.
    Found 32-bit comparator less for signal <B$cmp_lt0022> created at line 464.
    Found 32-bit comparator less for signal <B$cmp_lt0023> created at line 464.
    Found 32-bit updown accumulator for signal <b_paddle_y1>.
    Found 32-bit comparator greatequal for signal <b_paddle_y1$cmp_ge0000> created at line 374.
    Found 32-bit comparator lessequal for signal <b_paddle_y1$cmp_le0000> created at line 365.
    Found 32-bit updown accumulator for signal <b_paddle_y2>.
    Found 32-bit register for signal <ball_x1>.
    Found 32-bit addsub for signal <ball_x1$addsub0000>.
    Found 32-bit comparator greatequal for signal <ball_x1$cmp_ge0000> created at line 298.
    Found 32-bit register for signal <ball_x2>.
    Found 32-bit addsub for signal <ball_x2$addsub0000>.
    Found 1-bit register for signal <ball_x_inc>.
    Found 32-bit adder for signal <ball_x_inc$add0000> created at line 227.
    Found 32-bit adder for signal <ball_x_inc$add0001> created at line 222.
    Found 32-bit adder for signal <ball_x_inc$add0002> created at line 222.
    Found 32-bit adder for signal <ball_x_inc$add0003> created at line 261.
    Found 32-bit adder for signal <ball_x_inc$add0004> created at line 259.
    Found 32-bit adder for signal <ball_x_inc$add0005> created at line 259.
    Found 32-bit subtractor for signal <ball_x_inc$addsub0000> created at line 239.
    Found 32-bit comparator greatequal for signal <ball_x_inc$cmp_ge0000> created at line 239.
    Found 32-bit comparator greatequal for signal <ball_x_inc$cmp_ge0001> created at line 239.
    Found 32-bit comparator greatequal for signal <ball_x_inc$cmp_ge0002> created at line 232.
    Found 32-bit comparator greatequal for signal <ball_x_inc$cmp_ge0003> created at line 232.
    Found 32-bit comparator greatequal for signal <ball_x_inc$cmp_ge0004> created at line 227.
    Found 32-bit comparator greatequal for signal <ball_x_inc$cmp_ge0005> created at line 222.
    Found 32-bit comparator greatequal for signal <ball_x_inc$cmp_ge0006> created at line 249.
    Found 32-bit comparator greatequal for signal <ball_x_inc$cmp_ge0007> created at line 261.
    Found 32-bit comparator greatequal for signal <ball_x_inc$cmp_ge0008> created at line 261.
    Found 32-bit comparator greatequal for signal <ball_x_inc$cmp_ge0009> created at line 259.
    Found 32-bit comparator greatequal for signal <ball_x_inc$cmp_ge0010> created at line 222.
    Found 32-bit comparator lessequal for signal <ball_x_inc$cmp_le0000> created at line 291.
    Found 32-bit comparator lessequal for signal <ball_x_inc$cmp_le0001> created at line 239.
    Found 32-bit comparator lessequal for signal <ball_x_inc$cmp_le0002> created at line 232.
    Found 32-bit comparator lessequal for signal <ball_x_inc$cmp_le0003> created at line 227.
    Found 32-bit comparator lessequal for signal <ball_x_inc$cmp_le0004> created at line 227.
    Found 32-bit comparator lessequal for signal <ball_x_inc$cmp_le0005> created at line 222.
    Found 32-bit comparator lessequal for signal <ball_x_inc$cmp_le0006> created at line 222.
    Found 32-bit comparator lessequal for signal <ball_x_inc$cmp_le0007> created at line 249.
    Found 32-bit comparator lessequal for signal <ball_x_inc$cmp_le0008> created at line 249.
    Found 32-bit comparator lessequal for signal <ball_x_inc$cmp_le0009> created at line 261.
    Found 32-bit comparator lessequal for signal <ball_x_inc$cmp_le0010> created at line 259.
    Found 32-bit comparator lessequal for signal <ball_x_inc$cmp_le0011> created at line 259.
    Found 32-bit comparator lessequal for signal <ball_x_inc$cmp_le0012> created at line 249.
    Found 32-bit comparator lessequal for signal <ball_x_inc$cmp_le0013> created at line 227.
    Found 32-bit subtractor for signal <ball_x_inc$sub0000> created at line 232.
    Found 32-bit subtractor for signal <ball_x_inc$sub0001> created at line 227.
    Found 32-bit subtractor for signal <ball_x_inc$sub0002> created at line 261.
    Found 32-bit subtractor for signal <ball_x_inc$sub0003> created at line 259.
    Found 32-bit register for signal <ball_y1>.
    Found 32-bit addsub for signal <ball_y1$addsub0000>.
    Found 32-bit register for signal <ball_y2>.
    Found 32-bit addsub for signal <ball_y2$addsub0000>.
    Found 1-bit register for signal <ball_y_inc>.
    Found 32-bit adder for signal <ball_y_inc$add0000> created at line 269.
    Found 32-bit subtractor for signal <ball_y_inc$addsub0000> created at line 271.
    Found 32-bit comparator greatequal for signal <ball_y_inc$cmp_ge0000> created at line 271.
    Found 32-bit comparator lessequal for signal <ball_y_inc$cmp_le0000> created at line 269.
    Found 10-bit comparator lessequal for signal <H$cmp_le0000> created at line 182.
    Found 10-bit up counter for signal <hcounter>.
    Found 1-bit register for signal <pixel_clk>.
    Found 32-bit updown accumulator for signal <r_paddle_y1>.
    Found 32-bit comparator greatequal for signal <r_paddle_y1$cmp_ge0000> created at line 356.
    Found 32-bit comparator lessequal for signal <r_paddle_y1$cmp_le0000> created at line 347.
    Found 32-bit updown accumulator for signal <r_paddle_y2>.
    Found 1-bit register for signal <refresh_clk>.
    Found 32-bit up counter for signal <refresh_cntr>.
    Found 32-bit comparator greatequal for signal <refresh_cntr$cmp_ge0000> created at line 205.
    Found 10-bit comparator greatequal for signal <Rout$cmp_ge0000> created at line 191.
    Found 10-bit comparator greatequal for signal <Rout$cmp_ge0001> created at line 191.
    Found 10-bit comparator lessequal for signal <Rout$cmp_le0000> created at line 191.
    Found 10-bit comparator lessequal for signal <Rout$cmp_le0001> created at line 191.
    Found 1-bit register for signal <score>.
    Found 32-bit comparator greater for signal <score$cmp_gt0000> created at line 281.
    Found 32-bit comparator less for signal <score$cmp_lt0000> created at line 279.
    Found 10-bit comparator lessequal for signal <V$cmp_le0000> created at line 184.
    Found 10-bit up counter for signal <vcounter>.
    Summary:
	inferred   3 Counter(s).
	inferred   4 Accumulator(s).
	inferred 133 D-type flip-flop(s).
	inferred  19 Adder/Subtractor(s).
	inferred  89 Comparator(s).
Unit <Game> synthesized.

INFO:Xst:1767 - HDL ADVISOR - Resource sharing has identified that some arithmetic operations in this design can share the same physical resources for reduced device utilization. For improved clock frequency you may try to disable resource sharing.

=========================================================================
HDL Synthesis Report

Macro Statistics
# Adders/Subtractors                                   : 19
 10-bit subtractor                                     : 1
 32-bit adder                                          : 7
 32-bit addsub                                         : 4
 32-bit subtractor                                     : 6
 9-bit subtractor                                      : 1
# Counters                                             : 3
 10-bit up counter                                     : 2
 32-bit up counter                                     : 1
# Accumulators                                         : 4
 32-bit updown accumulator                             : 4
# Registers                                            : 9
 1-bit register                                        : 5
 32-bit register                                       : 4
# Comparators                                          : 89
 10-bit comparator greatequal                          : 2
 10-bit comparator lessequal                           : 4
 32-bit comparator greatequal                          : 16
 32-bit comparator greater                             : 25
 32-bit comparator less                                : 25
 32-bit comparator lessequal                           : 17

=========================================================================

=========================================================================
*                       Advanced HDL Synthesis                          *
=========================================================================


=========================================================================
Advanced HDL Synthesis Report

Macro Statistics
# Adders/Subtractors                                   : 19
 10-bit subtractor                                     : 1
 32-bit adder                                          : 7
 32-bit addsub                                         : 4
 32-bit subtractor                                     : 6
 9-bit subtractor                                      : 1
# Counters                                             : 3
 10-bit up counter                                     : 2
 32-bit up counter                                     : 1
# Accumulators                                         : 4
 32-bit updown accumulator                             : 4
# Registers                                            : 133
 Flip-Flops                                            : 133
# Comparators                                          : 89
 10-bit comparator greatequal                          : 2
 10-bit comparator lessequal                           : 4
 32-bit comparator greatequal                          : 16
 32-bit comparator greater                             : 25
 32-bit comparator less                                : 25
 32-bit comparator lessequal                           : 17

=========================================================================

=========================================================================
*                         Low Level Synthesis                           *
=========================================================================

Optimizing unit <Game> ...

Mapping all equations...
Building and optimizing final netlist ...
Found area constraint ratio of 100 (+ 5) on block Game, actual ratio is 15.

Final Macro Processing ...

=========================================================================
Final Register Report

Macro Statistics
# Registers                                            : 313
 Flip-Flops                                            : 313

=========================================================================

=========================================================================
*                           Partition Report                            *
=========================================================================

Partition Implementation Status
-------------------------------

  No Partitions were found in this design.

-------------------------------

=========================================================================
*                            Final Report                               *
=========================================================================
Final Results
RTL Top Level Output File Name     : Game.ngr
Top Level Output File Name         : Game
Output Format                      : NGC
Optimization Goal                  : Speed
Keep Hierarchy                     : No

Design Statistics
# IOs                              : 32

Cell Usage :
# BELS                             : 2600
#      GND                         : 1
#      INV                         : 120
#      LUT1                        : 154
#      LUT2                        : 536
#      LUT3                        : 60
#      LUT3_D                      : 3
#      LUT4                        : 297
#      LUT4_L                      : 1
#      MUXCY                       : 1002
#      MUXF5                       : 11
#      VCC                         : 1
#      XORCY                       : 414
# FlipFlops/Latches                : 313
#      FDE                         : 129
#      FDR                         : 151
#      FDRE                        : 10
#      FDS                         : 21
#      FDSE                        : 2
# Clock Buffers                    : 3
#      BUFG                        : 2
#      BUFGP                       : 1
# IO Buffers                       : 29
#      IBUF                        : 2
#      OBUF                        : 27
=========================================================================

Device utilization summary:
---------------------------

Selected Device : 3s500efg320-5 

 Number of Slices:                      607  out of   4656    13%  
 Number of Slice Flip Flops:            313  out of   9312     3%  
 Number of 4 input LUTs:               1171  out of   9312    12%  
 Number of IOs:                          32
 Number of bonded IOBs:                  30  out of    232    12%  
 Number of GCLKs:                         3  out of     24    12%  

---------------------------
Partition Resource Summary:
---------------------------

  No Partitions were found in this design.

---------------------------


=========================================================================
TIMING REPORT

NOTE: THESE TIMING NUMBERS ARE ONLY A SYNTHESIS ESTIMATE.
      FOR ACCURATE TIMING INFORMATION PLEASE REFER TO THE TRACE REPORT
      GENERATED AFTER PLACE-and-ROUTE.

Clock Information:
------------------
-----------------------------------+------------------------+-------+
Clock Signal                       | Clock buffer(FF name)  | Load  |
-----------------------------------+------------------------+-------+
clk                                | BUFGP                  | 1     |
pixel_clk1                         | BUFG                   | 53    |
refresh_clk1                       | BUFG                   | 259   |
-----------------------------------+------------------------+-------+

Asynchronous Control Signals Information:
----------------------------------------
No asynchronous control signals found in this design

Timing Summary:
---------------
Speed Grade: -5

   Minimum period: 8.901ns (Maximum Frequency: 112.348MHz)
   Minimum input arrival time before clock: 5.785ns
   Maximum output required time after clock: 15.719ns
   Maximum combinational path delay: No path found

Timing Detail:
--------------
All values displayed in nanoseconds (ns)

=========================================================================
Timing constraint: Default period analysis for Clock 'clk'
  Clock period: 1.760ns (frequency: 568.069MHz)
  Total number of paths / destination ports: 1 / 1
-------------------------------------------------------------------------
Delay:               1.760ns (Levels of Logic = 0)
  Source:            pixel_clk (FF)
  Destination:       pixel_clk (FF)
  Source Clock:      clk rising
  Destination Clock: clk rising

  Data Path: pixel_clk to pixel_clk
                                Gate     Net
    Cell:in->out      fanout   Delay   Delay  Logical Name (Net Name)
    ----------------------------------------  ------------
     FDR:C->Q              3   0.514   0.451  pixel_clk (pixel_clk1)
     FDR:R                     0.795          pixel_clk
    ----------------------------------------
    Total                      1.760ns (1.309ns logic, 0.451ns route)
                                       (74.4% logic, 25.6% route)

=========================================================================
Timing constraint: Default period analysis for Clock 'pixel_clk1'
  Clock period: 4.916ns (frequency: 203.421MHz)
  Total number of paths / destination ports: 1995 / 116
-------------------------------------------------------------------------
Delay:               4.916ns (Levels of Logic = 2)
  Source:            vcounter_4 (FF)
  Destination:       vcounter_0 (FF)
  Source Clock:      pixel_clk1 rising
  Destination Clock: pixel_clk1 rising

  Data Path: vcounter_4 to vcounter_0
                                Gate     Net
    Cell:in->out      fanout   Delay   Delay  Logical Name (Net Name)
    ----------------------------------------  ------------
     FDRE:C->Q            26   0.514   1.101  vcounter_4 (vcounter_4)
     LUT4:I2->O            2   0.612   0.532  vcounter_cmp_eq000011 (N32)
     LUT4:I0->O           10   0.612   0.750  vcounter_cmp_eq0000 (vcounter_cmp_eq0000)
     FDRE:R                    0.795          vcounter_0
    ----------------------------------------
    Total                      4.916ns (2.533ns logic, 2.383ns route)
                                       (51.5% logic, 48.5% route)

=========================================================================
Timing constraint: Default period analysis for Clock 'refresh_clk1'
  Clock period: 8.901ns (frequency: 112.348MHz)
  Total number of paths / destination ports: 33682 / 519
-------------------------------------------------------------------------
Delay:               8.901ns (Levels of Logic = 37)
  Source:            r_paddle_y1_0 (FF)
  Destination:       ball_x_inc (FF)
  Source Clock:      refresh_clk1 rising
  Destination Clock: refresh_clk1 rising

  Data Path: r_paddle_y1_0 to ball_x_inc
                                Gate     Net
    Cell:in->out      fanout   Delay   Delay  Logical Name (Net Name)
    ----------------------------------------  ------------
     FDE:C->Q              4   0.514   0.499  r_paddle_y1_0 (r_paddle_y1_0)
     INV:I->O              1   0.612   0.000  Madd_ball_x_inc_add0003_lut<0>_INV_0 (Madd_ball_x_inc_add0003_lut<0>)
     MUXCY:S->O            1   0.404   0.000  Madd_ball_x_inc_add0003_cy<0> (Madd_ball_x_inc_add0003_cy<0>)
     MUXCY:CI->O           1   0.051   0.000  Madd_ball_x_inc_add0003_cy<1> (Madd_ball_x_inc_add0003_cy<1>)
     MUXCY:CI->O           1   0.051   0.000  Madd_ball_x_inc_add0003_cy<2> (Madd_ball_x_inc_add0003_cy<2>)
     MUXCY:CI->O           1   0.051   0.000  Madd_ball_x_inc_add0003_cy<3> (Madd_ball_x_inc_add0003_cy<3>)
     MUXCY:CI->O           1   0.051   0.000  Madd_ball_x_inc_add0003_cy<4> (Madd_ball_x_inc_add0003_cy<4>)
     MUXCY:CI->O           1   0.051   0.000  Madd_ball_x_inc_add0003_cy<5> (Madd_ball_x_inc_add0003_cy<5>)
     MUXCY:CI->O           1   0.051   0.000  Madd_ball_x_inc_add0003_cy<6> (Madd_ball_x_inc_add0003_cy<6>)
     MUXCY:CI->O           1   0.051   0.000  Madd_ball_x_inc_add0003_cy<7> (Madd_ball_x_inc_add0003_cy<7>)
     MUXCY:CI->O           1   0.051   0.000  Madd_ball_x_inc_add0003_cy<8> (Madd_ball_x_inc_add0003_cy<8>)
     MUXCY:CI->O           1   0.051   0.000  Madd_ball_x_inc_add0003_cy<9> (Madd_ball_x_inc_add0003_cy<9>)
     MUXCY:CI->O           1   0.051   0.000  Madd_ball_x_inc_add0003_cy<10> (Madd_ball_x_inc_add0003_cy<10>)
     MUXCY:CI->O           1   0.051   0.000  Madd_ball_x_inc_add0003_cy<11> (Madd_ball_x_inc_add0003_cy<11>)
     MUXCY:CI->O           1   0.051   0.000  Madd_ball_x_inc_add0003_cy<12> (Madd_ball_x_inc_add0003_cy<12>)
     MUXCY:CI->O           1   0.051   0.000  Madd_ball_x_inc_add0003_cy<13> (Madd_ball_x_inc_add0003_cy<13>)
     MUXCY:CI->O           1   0.051   0.000  Madd_ball_x_inc_add0003_cy<14> (Madd_ball_x_inc_add0003_cy<14>)
     MUXCY:CI->O           1   0.051   0.000  Madd_ball_x_inc_add0003_cy<15> (Madd_ball_x_inc_add0003_cy<15>)
     MUXCY:CI->O           1   0.051   0.000  Madd_ball_x_inc_add0003_cy<16> (Madd_ball_x_inc_add0003_cy<16>)
     MUXCY:CI->O           1   0.051   0.000  Madd_ball_x_inc_add0003_cy<17> (Madd_ball_x_inc_add0003_cy<17>)
     MUXCY:CI->O           1   0.051   0.000  Madd_ball_x_inc_add0003_cy<18> (Madd_ball_x_inc_add0003_cy<18>)
     MUXCY:CI->O           1   0.051   0.000  Madd_ball_x_inc_add0003_cy<19> (Madd_ball_x_inc_add0003_cy<19>)
     MUXCY:CI->O           1   0.051   0.000  Madd_ball_x_inc_add0003_cy<20> (Madd_ball_x_inc_add0003_cy<20>)
     MUXCY:CI->O           1   0.051   0.000  Madd_ball_x_inc_add0003_cy<21> (Madd_ball_x_inc_add0003_cy<21>)
     MUXCY:CI->O           1   0.051   0.000  Madd_ball_x_inc_add0003_cy<22> (Madd_ball_x_inc_add0003_cy<22>)
     MUXCY:CI->O           1   0.051   0.000  Madd_ball_x_inc_add0003_cy<23> (Madd_ball_x_inc_add0003_cy<23>)
     MUXCY:CI->O           1   0.051   0.000  Madd_ball_x_inc_add0003_cy<24> (Madd_ball_x_inc_add0003_cy<24>)
     MUXCY:CI->O           1   0.051   0.000  Madd_ball_x_inc_add0003_cy<25> (Madd_ball_x_inc_add0003_cy<25>)
     MUXCY:CI->O           1   0.051   0.000  Madd_ball_x_inc_add0003_cy<26> (Madd_ball_x_inc_add0003_cy<26>)
     MUXCY:CI->O           1   0.051   0.000  Madd_ball_x_inc_add0003_cy<27> (Madd_ball_x_inc_add0003_cy<27>)
     MUXCY:CI->O           1   0.051   0.000  Madd_ball_x_inc_add0003_cy<28> (Madd_ball_x_inc_add0003_cy<28>)
     MUXCY:CI->O           1   0.051   0.000  Madd_ball_x_inc_add0003_cy<29> (Madd_ball_x_inc_add0003_cy<29>)
     MUXCY:CI->O           0   0.051   0.000  Madd_ball_x_inc_add0003_cy<30> (Madd_ball_x_inc_add0003_cy<30>)
     XORCY:CI->O           1   0.699   0.426  Madd_ball_x_inc_add0003_xor<31> (ball_x_inc_add0003<31>)
     LUT2:I1->O            1   0.612   0.000  Mcompar_ball_x_inc_cmp_le0009_lut<31> (Mcompar_ball_x_inc_cmp_le0009_lut<31>)
     MUXCY:S->O            1   0.752   0.387  Mcompar_ball_x_inc_cmp_le0009_cy<31> (ball_x_inc_cmp_le0009)
     LUT3_D:I2->O          1   0.612   0.387  ball_x_inc_and00051 (ball_x_inc_and0005)
     LUT4:I2->O            1   0.612   0.357  ball_x_inc_not000145 (ball_x_inc_not0001)
     FDSE:CE                   0.483          ball_x_inc
    ----------------------------------------
    Total                      8.901ns (6.845ns logic, 2.056ns route)
                                       (76.9% logic, 23.1% route)

=========================================================================
Timing constraint: Default OFFSET IN BEFORE for Clock 'refresh_clk1'
  Total number of paths / destination ports: 2368 / 256
-------------------------------------------------------------------------
Offset:              5.785ns (Levels of Logic = 34)
  Source:            SW2 (PAD)
  Destination:       r_paddle_y1_31 (FF)
  Destination Clock: refresh_clk1 rising

  Data Path: SW2 to r_paddle_y1_31
                                Gate     Net
    Cell:in->out      fanout   Delay   Delay  Logical Name (Net Name)
    ----------------------------------------  ------------
     IBUF:I->O            67   1.106   1.151  SW2_IBUF (SW2_IBUF)
     LUT2:I1->O            1   0.612   0.000  Maccum_r_paddle_y1_lut<0> (Maccum_r_paddle_y1_lut<0>)
     MUXCY:S->O            1   0.404   0.000  Maccum_r_paddle_y1_cy<0> (Maccum_r_paddle_y1_cy<0>)
     MUXCY:CI->O           1   0.052   0.000  Maccum_r_paddle_y1_cy<1> (Maccum_r_paddle_y1_cy<1>)
     MUXCY:CI->O           1   0.052   0.000  Maccum_r_paddle_y1_cy<2> (Maccum_r_paddle_y1_cy<2>)
     MUXCY:CI->O           1   0.052   0.000  Maccum_r_paddle_y1_cy<3> (Maccum_r_paddle_y1_cy<3>)
     MUXCY:CI->O           1   0.052   0.000  Maccum_r_paddle_y1_cy<4> (Maccum_r_paddle_y1_cy<4>)
     MUXCY:CI->O           1   0.052   0.000  Maccum_r_paddle_y1_cy<5> (Maccum_r_paddle_y1_cy<5>)
     MUXCY:CI->O           1   0.052   0.000  Maccum_r_paddle_y1_cy<6> (Maccum_r_paddle_y1_cy<6>)
     MUXCY:CI->O           1   0.052   0.000  Maccum_r_paddle_y1_cy<7> (Maccum_r_paddle_y1_cy<7>)
     MUXCY:CI->O           1   0.052   0.000  Maccum_r_paddle_y1_cy<8> (Maccum_r_paddle_y1_cy<8>)
     MUXCY:CI->O           1   0.052   0.000  Maccum_r_paddle_y1_cy<9> (Maccum_r_paddle_y1_cy<9>)
     MUXCY:CI->O           1   0.052   0.000  Maccum_r_paddle_y1_cy<10> (Maccum_r_paddle_y1_cy<10>)
     MUXCY:CI->O           1   0.051   0.000  Maccum_r_paddle_y1_cy<11> (Maccum_r_paddle_y1_cy<11>)
     MUXCY:CI->O           1   0.051   0.000  Maccum_r_paddle_y1_cy<12> (Maccum_r_paddle_y1_cy<12>)
     MUXCY:CI->O           1   0.051   0.000  Maccum_r_paddle_y1_cy<13> (Maccum_r_paddle_y1_cy<13>)
     MUXCY:CI->O           1   0.051   0.000  Maccum_r_paddle_y1_cy<14> (Maccum_r_paddle_y1_cy<14>)
     MUXCY:CI->O           1   0.051   0.000  Maccum_r_paddle_y1_cy<15> (Maccum_r_paddle_y1_cy<15>)
     MUXCY:CI->O           1   0.051   0.000  Maccum_r_paddle_y1_cy<16> (Maccum_r_paddle_y1_cy<16>)
     MUXCY:CI->O           1   0.051   0.000  Maccum_r_paddle_y1_cy<17> (Maccum_r_paddle_y1_cy<17>)
     MUXCY:CI->O           1   0.051   0.000  Maccum_r_paddle_y1_cy<18> (Maccum_r_paddle_y1_cy<18>)
     MUXCY:CI->O           1   0.051   0.000  Maccum_r_paddle_y1_cy<19> (Maccum_r_paddle_y1_cy<19>)
     MUXCY:CI->O           1   0.051   0.000  Maccum_r_paddle_y1_cy<20> (Maccum_r_paddle_y1_cy<20>)
     MUXCY:CI->O           1   0.051   0.000  Maccum_r_paddle_y1_cy<21> (Maccum_r_paddle_y1_cy<21>)
     MUXCY:CI->O           1   0.051   0.000  Maccum_r_paddle_y1_cy<22> (Maccum_r_paddle_y1_cy<22>)
     MUXCY:CI->O           1   0.051   0.000  Maccum_r_paddle_y1_cy<23> (Maccum_r_paddle_y1_cy<23>)
     MUXCY:CI->O           1   0.051   0.000  Maccum_r_paddle_y1_cy<24> (Maccum_r_paddle_y1_cy<24>)
     MUXCY:CI->O           1   0.051   0.000  Maccum_r_paddle_y1_cy<25> (Maccum_r_paddle_y1_cy<25>)
     MUXCY:CI->O           1   0.051   0.000  Maccum_r_paddle_y1_cy<26> (Maccum_r_paddle_y1_cy<26>)
     MUXCY:CI->O           1   0.051   0.000  Maccum_r_paddle_y1_cy<27> (Maccum_r_paddle_y1_cy<27>)
     MUXCY:CI->O           1   0.051   0.000  Maccum_r_paddle_y1_cy<28> (Maccum_r_paddle_y1_cy<28>)
     MUXCY:CI->O           1   0.051   0.000  Maccum_r_paddle_y1_cy<29> (Maccum_r_paddle_y1_cy<29>)
     MUXCY:CI->O           0   0.051   0.000  Maccum_r_paddle_y1_cy<30> (Maccum_r_paddle_y1_cy<30>)
     XORCY:CI->O           1   0.699   0.000  Maccum_r_paddle_y1_xor<31> (Result<31>)
     FDE:D                     0.268          r_paddle_y1_31
    ----------------------------------------
    Total                      5.785ns (4.634ns logic, 1.151ns route)
                                       (80.1% logic, 19.9% route)

=========================================================================
Timing constraint: Default OFFSET OUT AFTER for Clock 'clk'
  Total number of paths / destination ports: 1 / 1
-------------------------------------------------------------------------
Offset:              4.134ns (Levels of Logic = 1)
  Source:            pixel_clk (FF)
  Destination:       DAC_CLK (PAD)
  Source Clock:      clk rising

  Data Path: pixel_clk to DAC_CLK
                                Gate     Net
    Cell:in->out      fanout   Delay   Delay  Logical Name (Net Name)
    ----------------------------------------  ------------
     FDR:C->Q              3   0.514   0.451  pixel_clk (pixel_clk1)
     OBUF:I->O                 3.169          DAC_CLK_OBUF (DAC_CLK)
    ----------------------------------------
    Total                      4.134ns (3.683ns logic, 0.451ns route)
                                       (89.1% logic, 10.9% route)

=========================================================================
Timing constraint: Default OFFSET OUT AFTER for Clock 'pixel_clk1'
  Total number of paths / destination ports: 49724 / 26
-------------------------------------------------------------------------
Offset:              15.719ns (Levels of Logic = 11)
  Source:            vcounter_2 (FF)
  Destination:       Gout<7> (PAD)
  Source Clock:      pixel_clk1 rising

  Data Path: vcounter_2 to Gout<7>
                                Gate     Net
    Cell:in->out      fanout   Delay   Delay  Logical Name (Net Name)
    ----------------------------------------  ------------
     FDRE:C->Q            26   0.514   1.223  vcounter_2 (vcounter_2)
     LUT3:I0->O           19   0.612   0.991  Msub__sub0001_cy<3>11 (Msub__sub0001_cy<3>)
     LUT4:I1->O           19   0.612   0.952  Msub__sub0001_cy<6>11 (Msub__sub0001_cy<6>)
     LUT3:I2->O           12   0.612   0.820  Msub__sub0001_xor<8>11 (_sub0001<8>)
     LUT4:I3->O            3   0.612   0.603  B_cmp_lt0009137 (B_cmp_lt0009)
     LUT4:I0->O            1   0.612   0.000  Gout<1>223_SW01 (Gout<1>223_SW0)
     MUXF5:I1->O           1   0.278   0.360  Gout<1>223_SW0_f5 (N26)
     LUT4:I3->O            1   0.612   0.509  Gout<1>223 (Gout<1>223)
     LUT4:I0->O            3   0.612   0.481  Gout<1>2259 (N4)
     LUT4:I2->O            1   0.612   0.000  Gout<1>312 (Gout<1>311)
     MUXF5:I0->O           8   0.278   0.643  Gout<1>31_f5 (Gout_1_OBUF)
     OBUF:I->O                 3.169          Gout_7_OBUF (Gout<7>)
    ----------------------------------------
    Total                     15.719ns (9.135ns logic, 6.584ns route)
                                       (58.1% logic, 41.9% route)

=========================================================================
Timing constraint: Default OFFSET OUT AFTER for Clock 'refresh_clk1'
  Total number of paths / destination ports: 6544 / 24
-------------------------------------------------------------------------
Offset:              10.405ns (Levels of Logic = 21)
  Source:            r_paddle_y1_0 (FF)
  Destination:       Rout<7> (PAD)
  Source Clock:      refresh_clk1 rising

  Data Path: r_paddle_y1_0 to Rout<7>
                                Gate     Net
    Cell:in->out      fanout   Delay   Delay  Logical Name (Net Name)
    ----------------------------------------  ------------
     FDE:C->Q              4   0.514   0.651  r_paddle_y1_0 (r_paddle_y1_0)
     LUT2:I0->O            1   0.612   0.000  Mcompar_B_cmp_gt0021_lut<0> (Mcompar_B_cmp_gt0021_lut<0>)
     MUXCY:S->O            1   0.404   0.000  Mcompar_B_cmp_gt0021_cy<0> (Mcompar_B_cmp_gt0021_cy<0>)
     MUXCY:CI->O           1   0.052   0.000  Mcompar_B_cmp_gt0021_cy<1> (Mcompar_B_cmp_gt0021_cy<1>)
     MUXCY:CI->O           1   0.052   0.000  Mcompar_B_cmp_gt0021_cy<2> (Mcompar_B_cmp_gt0021_cy<2>)
     MUXCY:CI->O           1   0.052   0.000  Mcompar_B_cmp_gt0021_cy<3> (Mcompar_B_cmp_gt0021_cy<3>)
     MUXCY:CI->O           1   0.052   0.000  Mcompar_B_cmp_gt0021_cy<4> (Mcompar_B_cmp_gt0021_cy<4>)
     MUXCY:CI->O           1   0.052   0.000  Mcompar_B_cmp_gt0021_cy<5> (Mcompar_B_cmp_gt0021_cy<5>)
     MUXCY:CI->O           1   0.051   0.000  Mcompar_B_cmp_gt0021_cy<6> (Mcompar_B_cmp_gt0021_cy<6>)
     MUXCY:CI->O           1   0.051   0.000  Mcompar_B_cmp_gt0021_cy<7> (Mcompar_B_cmp_gt0021_cy<7>)
     MUXCY:CI->O           1   0.051   0.000  Mcompar_B_cmp_gt0021_cy<8> (Mcompar_B_cmp_gt0021_cy<8>)
     MUXCY:CI->O           1   0.051   0.000  Mcompar_B_cmp_gt0021_cy<9> (Mcompar_B_cmp_gt0021_cy<9>)
     MUXCY:CI->O           1   0.051   0.000  Mcompar_B_cmp_gt0021_cy<10> (Mcompar_B_cmp_gt0021_cy<10>)
     MUXCY:CI->O           1   0.051   0.000  Mcompar_B_cmp_gt0021_cy<11> (Mcompar_B_cmp_gt0021_cy<11>)
     MUXCY:CI->O           1   0.051   0.000  Mcompar_B_cmp_gt0021_cy<12> (Mcompar_B_cmp_gt0021_cy<12>)
     MUXCY:CI->O           1   0.051   0.000  Mcompar_B_cmp_gt0021_cy<13> (Mcompar_B_cmp_gt0021_cy<13>)
     MUXCY:CI->O           1   0.051   0.000  Mcompar_B_cmp_gt0021_cy<14> (Mcompar_B_cmp_gt0021_cy<14>)
     MUXCY:CI->O           1   0.399   0.426  Mcompar_B_cmp_gt0021_cy<15> (Mcompar_B_cmp_gt0021_cy<15>)
     LUT4:I1->O            3   0.612   0.603  B_and0010101 (B_and0010)
     LUT4:I0->O            1   0.612   0.426  Rout<1>_SW0 (N14)
     LUT4:I1->O            8   0.612   0.643  Rout<1> (Rout_1_OBUF)
     OBUF:I->O                 3.169          Rout_7_OBUF (Rout<7>)
    ----------------------------------------
    Total                     10.405ns (7.655ns logic, 2.750ns route)
                                       (73.6% logic, 26.4% route)

=========================================================================


Total REAL time to Xst completion: 9.00 secs
Total CPU time to Xst completion: 7.95 secs
 
--> 


Total memory usage is 669400 kilobytes

Number of errors   :    0 (   0 filtered)
Number of warnings :   52 (   0 filtered)
Number of infos    :    1 (   0 filtered)

